F:\deepnet\deep\deep\x64\Debug\cl.command.1.tlog
F:\deepnet\deep\deep\x64\Debug\CL.read.1.tlog
F:\deepnet\deep\deep\x64\Debug\CL.write.1.tlog
F:\DEEPNET\DEEP\DEEP\X64\DEBUG\DEEP.EXE.EMBED.MANIFEST
F:\DEEPNET\DEEP\DEEP\X64\DEBUG\DEEP.EXE.EMBED.MANIFEST.RES
F:\DEEPNET\DEEP\DEEP\X64\DEBUG\DEEP.EXE.INTERMEDIATE.MANIFEST
F:\deepnet\deep\deep\x64\Debug\deep.vcxprojResolveAssemblyReference.cache
F:\deepnet\deep\deep\x64\Debug\deep.write.1.tlog
F:\deepnet\deep\deep\x64\Debug\deep_manifest.rc
F:\DEEPNET\DEEP\DEEP\X64\DEBUG\LBFGS.OBJ
F:\deepnet\deep\deep\x64\Debug\link.2840.read.1.tlog
F:\deepnet\deep\deep\x64\Debug\link.2840.write.1.tlog
F:\deepnet\deep\deep\x64\Debug\link.2840-cvtres.read.1.tlog
F:\deepnet\deep\deep\x64\Debug\link.2840-cvtres.write.1.tlog
F:\deepnet\deep\deep\x64\Debug\link.5772.read.1.tlog
F:\deepnet\deep\deep\x64\Debug\link.5772.write.1.tlog
F:\deepnet\deep\deep\x64\Debug\link.5772-cvtres.read.1.tlog
F:\deepnet\deep\deep\x64\Debug\link.5772-cvtres.write.1.tlog
F:\deepnet\deep\deep\x64\Debug\link.6208.read.1.tlog
F:\deepnet\deep\deep\x64\Debug\link.6208.write.1.tlog
F:\deepnet\deep\deep\x64\Debug\link.6208-cvtres.read.1.tlog
F:\deepnet\deep\deep\x64\Debug\link.6208-cvtres.write.1.tlog
F:\deepnet\deep\deep\x64\Debug\link.6472.read.1.tlog
F:\deepnet\deep\deep\x64\Debug\link.6472.write.1.tlog
F:\deepnet\deep\deep\x64\Debug\link.6472-cvtres.read.1.tlog
F:\deepnet\deep\deep\x64\Debug\link.6472-cvtres.write.1.tlog
F:\deepnet\deep\deep\x64\Debug\link.7212.read.1.tlog
F:\deepnet\deep\deep\x64\Debug\link.7212.write.1.tlog
F:\deepnet\deep\deep\x64\Debug\link.7212-cvtres.read.1.tlog
F:\deepnet\deep\deep\x64\Debug\link.7212-cvtres.write.1.tlog
F:\deepnet\deep\deep\x64\Debug\link.8776.read.1.tlog
F:\deepnet\deep\deep\x64\Debug\link.8776.write.1.tlog
F:\deepnet\deep\deep\x64\Debug\link.8776-cvtres.read.1.tlog
F:\deepnet\deep\deep\x64\Debug\link.8776-cvtres.write.1.tlog
F:\deepnet\deep\deep\x64\Debug\link.command.1.tlog
F:\deepnet\deep\deep\x64\Debug\link.read.1.tlog
F:\deepnet\deep\deep\x64\Debug\link.write.1.tlog
F:\deepnet\deep\deep\x64\Debug\link-cvtres.read.1.tlog
F:\deepnet\deep\deep\x64\Debug\link-cvtres.write.1.tlog
F:\DEEPNET\DEEP\DEEP\X64\DEBUG\MAIN.OBJ
F:\deepnet\deep\deep\x64\Debug\mt.command.1.tlog
F:\deepnet\deep\deep\x64\Debug\mt.read.1.tlog
F:\deepnet\deep\deep\x64\Debug\mt.write.1.tlog
F:\deepnet\deep\deep\x64\Debug\rc.command.1.tlog
F:\deepnet\deep\deep\x64\Debug\rc.read.1.tlog
F:\deepnet\deep\deep\x64\Debug\rc.write.1.tlog
F:\deepnet\deep\deep\x64\Debug\vc100.idb
F:\DEEPNET\DEEP\DEEP\X64\DEBUG\VC100.PDB
F:\DEEPNET\DEEP\X64\DEBUG\DEEP.EXE
F:\DEEPNET\DEEP\X64\DEBUG\DEEP.ILK
F:\DEEPNET\DEEP\X64\DEBUG\DEEP.PDB
