Build started 2014/9/5 11:27:57.
     1>Project "F:\deepnet\deep\deep\deep.vcxproj" on node 2 (build target(s)).
     1>InitializeBuildStatus:
         Touching "x64\Debug\deep.unsuccessfulbuild".
       ClCompile:
         E:\Program Files (x86)\Microsoft Visual Studio 10.0\VC\bin\x86_amd64\CL.exe /c /Zi /nologo /W3 /WX- /Od /D WIN32 /D _DEBUG /D _CONSOLE /D _UNICODE /D UNICODE /Gm /EHsc /RTC1 /MDd /GS /fp:precise /Zc:wchar_t /Zc:forScope /Fo"x64\Debug\\" /Fd"x64\Debug\vc100.pdb" /Gd /TP /errorReport:prompt main.cpp
         main.cpp
       ManifestResourceCompile:
         All outputs are up-to-date.
       Link:
         E:\Program Files (x86)\Microsoft Visual Studio 10.0\VC\bin\x86_amd64\link.exe /ERRORREPORT:PROMPT /OUT:"F:\deepnet\deep\x64\Debug\deep.exe" /INCREMENTAL /NOLOGO blas_win64_MT.lib lapack_win64_MT.lib kernel32.lib user32.lib gdi32.lib winspool.lib comdlg32.lib advapi32.lib shell32.lib ole32.lib oleaut32.lib uuid.lib odbc32.lib odbccp32.lib /MANIFEST /ManifestFile:"x64\Debug\deep.exe.intermediate.manifest" /MANIFESTUAC:"level='asInvoker' uiAccess='false'" /DEBUG /PDB:"F:\deepnet\deep\x64\Debug\deep.pdb" /SUBSYSTEM:CONSOLE /TLBID:1 /DYNAMICBASE /NXCOMPAT /IMPLIB:"F:\deepnet\deep\x64\Debug\deep.lib" /MACHINE:X64 x64\Debug\deep.exe.embed.manifest.res
         x64\Debug\lbfgs.obj
         x64\Debug\main.obj
         deep.vcxproj -> F:\deepnet\deep\x64\Debug\deep.exe
       Manifest:
         C:\Program Files (x86)\Microsoft SDKs\Windows\v7.0A\bin\mt.exe /nologo /verbose /out:"x64\Debug\deep.exe.embed.manifest" /manifest x64\Debug\deep.exe.intermediate.manifest
         All outputs are up-to-date.
       LinkEmbedManifest:
         All outputs are up-to-date.
         deep.vcxproj -> F:\deepnet\deep\x64\Debug\deep.exe
       FinalizeBuildStatus:
         Deleting file "x64\Debug\deep.unsuccessfulbuild".
         Touching "x64\Debug\deep.lastbuildstate".
     1>Done Building Project "F:\deepnet\deep\deep\deep.vcxproj" (build target(s)).

Build succeeded.

Time Elapsed 00:00:05.09
